0 info it worked if it ends with ok
1 verbose cli [ '/Users/jamessullivan/.nvm/versions/node/v6.9.4/bin/node',
1 verbose cli   '/Users/jamessullivan/.nvm/versions/node/v6.9.4/bin/npm',
1 verbose cli   'install',
1 verbose cli   'react-router@next',
1 verbose cli   '--save' ]
2 info using npm@3.10.10
3 info using node@v6.9.4
4 silly loadCurrentTree Starting
5 silly install loadCurrentTree
6 silly install readLocalPackageData
7 silly fetchPackageMetaData react-router@next
8 silly fetchNamedPackageData react-router
9 silly mapToRegistry name react-router
10 silly mapToRegistry using default registry
11 silly mapToRegistry registry https://registry.npmjs.org/
12 silly mapToRegistry data Result {
12 silly mapToRegistry   raw: 'react-router',
12 silly mapToRegistry   scope: null,
12 silly mapToRegistry   escapedName: 'react-router',
12 silly mapToRegistry   name: 'react-router',
12 silly mapToRegistry   rawSpec: '',
12 silly mapToRegistry   spec: 'latest',
12 silly mapToRegistry   type: 'tag' }
13 silly mapToRegistry uri https://registry.npmjs.org/react-router
14 verbose request uri https://registry.npmjs.org/react-router
15 verbose request no auth needed
16 info attempt registry request try #1 at 11:39:06 AM
17 verbose request using bearer token for auth
18 verbose request id f6d8ce8ca16beb66
19 verbose etag W/"59725f8c-41c9c"
20 verbose lastModified Fri, 21 Jul 2017 20:09:48 GMT
21 http request GET https://registry.npmjs.org/react-router
22 http 304 https://registry.npmjs.org/react-router
23 verbose headers { server: 'nginx/1.10.1',
23 verbose headers   'last-modified': 'Fri, 21 Jul 2017 20:09:48 GMT',
23 verbose headers   etag: '"59725f8c-41c9c"',
23 verbose headers   'cache-control': 'max-age=300',
23 verbose headers   'accept-ranges': 'bytes',
23 verbose headers   date: 'Sat, 29 Jul 2017 17:39:07 GMT',
23 verbose headers   via: '1.1 varnish',
23 verbose headers   connection: 'keep-alive',
23 verbose headers   'x-served-by': 'cache-dfw1837-DFW',
23 verbose headers   'x-cache': 'MISS',
23 verbose headers   'x-cache-hits': '0',
23 verbose headers   'x-timer': 'S1501349948.923304,VS0,VE32',
23 verbose headers   vary: 'Accept-Encoding, Accept' }
24 silly get cb [ 304,
24 silly get   { server: 'nginx/1.10.1',
24 silly get     'last-modified': 'Fri, 21 Jul 2017 20:09:48 GMT',
24 silly get     etag: '"59725f8c-41c9c"',
24 silly get     'cache-control': 'max-age=300',
24 silly get     'accept-ranges': 'bytes',
24 silly get     date: 'Sat, 29 Jul 2017 17:39:07 GMT',
24 silly get     via: '1.1 varnish',
24 silly get     connection: 'keep-alive',
24 silly get     'x-served-by': 'cache-dfw1837-DFW',
24 silly get     'x-cache': 'MISS',
24 silly get     'x-cache-hits': '0',
24 silly get     'x-timer': 'S1501349948.923304,VS0,VE32',
24 silly get     vary: 'Accept-Encoding, Accept' } ]
25 verbose etag https://registry.npmjs.org/react-router from cache
26 verbose get saving react-router to /Users/jamessullivan/.npm/registry.npmjs.org/react-router/.cache.json
27 verbose correctMkdir /Users/jamessullivan/.npm correctMkdir not in flight; initializing
28 silly fetchNamedPackageData No valid target from cache, forcing network
29 verbose request uri https://registry.npmjs.org/react-router
30 verbose request no auth needed
31 info attempt registry request try #1 at 11:39:07 AM
32 verbose request using bearer token for auth
33 http request GET https://registry.npmjs.org/react-router
34 http 200 https://registry.npmjs.org/react-router
35 verbose headers { server: 'nginx/1.10.1',
35 verbose headers   'content-type': 'application/json',
35 verbose headers   'last-modified': 'Fri, 21 Jul 2017 20:09:48 GMT',
35 verbose headers   etag: 'W/"59725f8c-41c9c"',
35 verbose headers   'content-encoding': 'gzip',
35 verbose headers   'cache-control': 'max-age=300',
35 verbose headers   'transfer-encoding': 'chunked',
35 verbose headers   'accept-ranges': 'bytes',
35 verbose headers   date: 'Sat, 29 Jul 2017 17:39:08 GMT',
35 verbose headers   via: '1.1 varnish',
35 verbose headers   connection: 'keep-alive',
35 verbose headers   'x-served-by': 'cache-dfw1837-DFW',
35 verbose headers   'x-cache': 'MISS',
35 verbose headers   'x-cache-hits': '0',
35 verbose headers   'x-timer': 'S1501349948.017601,VS0,VE68',
35 verbose headers   vary: 'Accept-Encoding, Accept' }
36 silly get cb [ 200,
36 silly get   { server: 'nginx/1.10.1',
36 silly get     'content-type': 'application/json',
36 silly get     'last-modified': 'Fri, 21 Jul 2017 20:09:48 GMT',
36 silly get     etag: 'W/"59725f8c-41c9c"',
36 silly get     'content-encoding': 'gzip',
36 silly get     'cache-control': 'max-age=300',
36 silly get     'transfer-encoding': 'chunked',
36 silly get     'accept-ranges': 'bytes',
36 silly get     date: 'Sat, 29 Jul 2017 17:39:08 GMT',
36 silly get     via: '1.1 varnish',
36 silly get     connection: 'keep-alive',
36 silly get     'x-served-by': 'cache-dfw1837-DFW',
36 silly get     'x-cache': 'MISS',
36 silly get     'x-cache-hits': '0',
36 silly get     'x-timer': 'S1501349948.017601,VS0,VE68',
36 silly get     vary: 'Accept-Encoding, Accept' } ]
37 verbose get saving react-router to /Users/jamessullivan/.npm/registry.npmjs.org/react-router/.cache.json
38 verbose correctMkdir /Users/jamessullivan/.npm correctMkdir not in flight; initializing
39 silly fetchPackageMetaData Error: No compatible version found: react-router@next
39 silly fetchPackageMetaData Valid install targets:
39 silly fetchPackageMetaData 4.1.2, 4.1.1, 4.1.0, 4.0.0, 4.0.0-beta.8, 4.0.0-beta.7, 4.0.0-beta.6, 4.0.0-beta.5, 4.0.0-beta.4, 4.0.0-beta.3, 4.0.0-beta.2, 4.0.0-beta.1, 4.0.0-alpha.6, 4.0.0-alpha.5, 4.0.0-alpha.4, 4.0.0-alpha.3, 4.0.0-2, 4.0.0-1, 4.0.0-0, 3.0.6-pre.0, 3.0.5, 3.0.4, 3.0.3, 3.0.2, 3.0.1, 3.0.0, 3.0.0-beta.1, 3.0.0-alpha.3, 3.0.0-alpha.2, 3.0.0-alpha.1, 2.8.1, 2.8.0, 2.7.0, 2.6.1, 2.6.0, 2.5.2, 2.5.1, 2.5.0, 2.4.1, 2.4.0, 2.3.0, 2.2.4, 2.2.2, 2.2.1, 2.2.0, 2.1.1, 2.1.0, 2.0.1, 2.0.0, 2.0.0-rc6, 2.0.0-rc5, 2.0.0-rc4, 2.0.0-rc3, 2.0.0-rc2, 2.0.0-rc1, 1.0.3, 1.0.2, 1.0.1, 1.0.0, 1.0.0-rc4, 1.0.0-rc3, 1.0.0-rc2, 1.0.0-rc1, 1.0.0-beta4, 1.0.0-beta3, 1.0.0-beta2, 1.0.0-beta1, 1.0.0-alpha2, 1.0.0-alpha1, 0.13.6, 0.13.5, 0.13.4, 0.13.3, 0.13.2, 0.13.1, 0.13.0, 0.12.4, 0.12.3, 0.12.2, 0.12.1, 0.12.0, 0.11.6, 0.11.5, 0.11.4, 0.11.3, 0.11.2, 0.11.1, 0.11.0, 0.10.2, 0.10.1, 0.10.0, 0.9.5, 0.9.4, 0.9.3, 0.9.2, 0.9.1, 0.9.0, 0.8.0, 0.7.0, 0.6.1, 0.6.0, 0.5.3, 0.5.2, 0.5.1, 0.5.0, 0.4.2, 0.4.1, 0.4.0, 0.0.1, 0.0.0
39 silly fetchPackageMetaData
39 silly fetchPackageMetaData     at pickVersionFromRegistryDocument (/Users/jamessullivan/.nvm/versions/node/v6.9.4/lib/node_modules/npm/lib/fetch-package-metadata.js:178:16)
39 silly fetchPackageMetaData     at /Users/jamessullivan/.nvm/versions/node/v6.9.4/lib/node_modules/npm/node_modules/iferr/index.js:13:50
39 silly fetchPackageMetaData     at /Users/jamessullivan/.nvm/versions/node/v6.9.4/lib/node_modules/npm/lib/utils/pulse-till-done.js:20:8
39 silly fetchPackageMetaData     at saved (/Users/jamessullivan/.nvm/versions/node/v6.9.4/lib/node_modules/npm/lib/cache/caching-client.js:174:7)
39 silly fetchPackageMetaData     at /Users/jamessullivan/.nvm/versions/node/v6.9.4/lib/node_modules/npm/node_modules/graceful-fs/polyfills.js:241:18
39 silly fetchPackageMetaData     at FSReqWrap.oncomplete (fs.js:123:15)
39 silly fetchPackageMetaData  error for react-router@next { Error: No compatible version found: react-router@next
39 silly fetchPackageMetaData Valid install targets:
39 silly fetchPackageMetaData 4.1.2, 4.1.1, 4.1.0, 4.0.0, 4.0.0-beta.8, 4.0.0-beta.7, 4.0.0-beta.6, 4.0.0-beta.5, 4.0.0-beta.4, 4.0.0-beta.3, 4.0.0-beta.2, 4.0.0-beta.1, 4.0.0-alpha.6, 4.0.0-alpha.5, 4.0.0-alpha.4, 4.0.0-alpha.3, 4.0.0-2, 4.0.0-1, 4.0.0-0, 3.0.6-pre.0, 3.0.5, 3.0.4, 3.0.3, 3.0.2, 3.0.1, 3.0.0, 3.0.0-beta.1, 3.0.0-alpha.3, 3.0.0-alpha.2, 3.0.0-alpha.1, 2.8.1, 2.8.0, 2.7.0, 2.6.1, 2.6.0, 2.5.2, 2.5.1, 2.5.0, 2.4.1, 2.4.0, 2.3.0, 2.2.4, 2.2.2, 2.2.1, 2.2.0, 2.1.1, 2.1.0, 2.0.1, 2.0.0, 2.0.0-rc6, 2.0.0-rc5, 2.0.0-rc4, 2.0.0-rc3, 2.0.0-rc2, 2.0.0-rc1, 1.0.3, 1.0.2, 1.0.1, 1.0.0, 1.0.0-rc4, 1.0.0-rc3, 1.0.0-rc2, 1.0.0-rc1, 1.0.0-beta4, 1.0.0-beta3, 1.0.0-beta2, 1.0.0-beta1, 1.0.0-alpha2, 1.0.0-alpha1, 0.13.6, 0.13.5, 0.13.4, 0.13.3, 0.13.2, 0.13.1, 0.13.0, 0.12.4, 0.12.3, 0.12.2, 0.12.1, 0.12.0, 0.11.6, 0.11.5, 0.11.4, 0.11.3, 0.11.2, 0.11.1, 0.11.0, 0.10.2, 0.10.1, 0.10.0, 0.9.5, 0.9.4, 0.9.3, 0.9.2, 0.9.1, 0.9.0, 0.8.0, 0.7.0, 0.6.1, 0.6.0, 0.5.3, 0.5.2, 0.5.1, 0.5.0, 0.4.2, 0.4.1, 0.4.0, 0.0.1, 0.0.0
39 silly fetchPackageMetaData
39 silly fetchPackageMetaData     at pickVersionFromRegistryDocument (/Users/jamessullivan/.nvm/versions/node/v6.9.4/lib/node_modules/npm/lib/fetch-package-metadata.js:178:16)
39 silly fetchPackageMetaData     at /Users/jamessullivan/.nvm/versions/node/v6.9.4/lib/node_modules/npm/node_modules/iferr/index.js:13:50
39 silly fetchPackageMetaData     at /Users/jamessullivan/.nvm/versions/node/v6.9.4/lib/node_modules/npm/lib/utils/pulse-till-done.js:20:8
39 silly fetchPackageMetaData     at saved (/Users/jamessullivan/.nvm/versions/node/v6.9.4/lib/node_modules/npm/lib/cache/caching-client.js:174:7)
39 silly fetchPackageMetaData     at /Users/jamessullivan/.nvm/versions/node/v6.9.4/lib/node_modules/npm/node_modules/graceful-fs/polyfills.js:241:18
39 silly fetchPackageMetaData     at FSReqWrap.oncomplete (fs.js:123:15) code: 'ETARGET' }
40 silly rollbackFailedOptional Starting
41 silly rollbackFailedOptional Finishing
42 silly runTopLevelLifecycles Finishing
43 silly install printInstalled
44 verbose stack Error: No compatible version found: react-router@next
44 verbose stack Valid install targets:
44 verbose stack 4.1.2, 4.1.1, 4.1.0, 4.0.0, 4.0.0-beta.8, 4.0.0-beta.7, 4.0.0-beta.6, 4.0.0-beta.5, 4.0.0-beta.4, 4.0.0-beta.3, 4.0.0-beta.2, 4.0.0-beta.1, 4.0.0-alpha.6, 4.0.0-alpha.5, 4.0.0-alpha.4, 4.0.0-alpha.3, 4.0.0-2, 4.0.0-1, 4.0.0-0, 3.0.6-pre.0, 3.0.5, 3.0.4, 3.0.3, 3.0.2, 3.0.1, 3.0.0, 3.0.0-beta.1, 3.0.0-alpha.3, 3.0.0-alpha.2, 3.0.0-alpha.1, 2.8.1, 2.8.0, 2.7.0, 2.6.1, 2.6.0, 2.5.2, 2.5.1, 2.5.0, 2.4.1, 2.4.0, 2.3.0, 2.2.4, 2.2.2, 2.2.1, 2.2.0, 2.1.1, 2.1.0, 2.0.1, 2.0.0, 2.0.0-rc6, 2.0.0-rc5, 2.0.0-rc4, 2.0.0-rc3, 2.0.0-rc2, 2.0.0-rc1, 1.0.3, 1.0.2, 1.0.1, 1.0.0, 1.0.0-rc4, 1.0.0-rc3, 1.0.0-rc2, 1.0.0-rc1, 1.0.0-beta4, 1.0.0-beta3, 1.0.0-beta2, 1.0.0-beta1, 1.0.0-alpha2, 1.0.0-alpha1, 0.13.6, 0.13.5, 0.13.4, 0.13.3, 0.13.2, 0.13.1, 0.13.0, 0.12.4, 0.12.3, 0.12.2, 0.12.1, 0.12.0, 0.11.6, 0.11.5, 0.11.4, 0.11.3, 0.11.2, 0.11.1, 0.11.0, 0.10.2, 0.10.1, 0.10.0, 0.9.5, 0.9.4, 0.9.3, 0.9.2, 0.9.1, 0.9.0, 0.8.0, 0.7.0, 0.6.1, 0.6.0, 0.5.3, 0.5.2, 0.5.1, 0.5.0, 0.4.2, 0.4.1, 0.4.0, 0.0.1, 0.0.0
44 verbose stack
44 verbose stack     at pickVersionFromRegistryDocument (/Users/jamessullivan/.nvm/versions/node/v6.9.4/lib/node_modules/npm/lib/fetch-package-metadata.js:178:16)
44 verbose stack     at /Users/jamessullivan/.nvm/versions/node/v6.9.4/lib/node_modules/npm/node_modules/iferr/index.js:13:50
44 verbose stack     at /Users/jamessullivan/.nvm/versions/node/v6.9.4/lib/node_modules/npm/lib/utils/pulse-till-done.js:20:8
44 verbose stack     at saved (/Users/jamessullivan/.nvm/versions/node/v6.9.4/lib/node_modules/npm/lib/cache/caching-client.js:174:7)
44 verbose stack     at /Users/jamessullivan/.nvm/versions/node/v6.9.4/lib/node_modules/npm/node_modules/graceful-fs/polyfills.js:241:18
44 verbose stack     at FSReqWrap.oncomplete (fs.js:123:15)
45 verbose cwd /Users/jamessullivan/Turing/projects/mod3/txtSmart
46 error Darwin 16.6.0
47 error argv "/Users/jamessullivan/.nvm/versions/node/v6.9.4/bin/node" "/Users/jamessullivan/.nvm/versions/node/v6.9.4/bin/npm" "install" "react-router@next" "--save"
48 error node v6.9.4
49 error npm  v3.10.10
50 error code ETARGET
51 error notarget No compatible version found: react-router@next
51 error notarget Valid install targets:
51 error notarget 4.1.2, 4.1.1, 4.1.0, 4.0.0, 4.0.0-beta.8, 4.0.0-beta.7, 4.0.0-beta.6, 4.0.0-beta.5, 4.0.0-beta.4, 4.0.0-beta.3, 4.0.0-beta.2, 4.0.0-beta.1, 4.0.0-alpha.6, 4.0.0-alpha.5, 4.0.0-alpha.4, 4.0.0-alpha.3, 4.0.0-2, 4.0.0-1, 4.0.0-0, 3.0.6-pre.0, 3.0.5, 3.0.4, 3.0.3, 3.0.2, 3.0.1, 3.0.0, 3.0.0-beta.1, 3.0.0-alpha.3, 3.0.0-alpha.2, 3.0.0-alpha.1, 2.8.1, 2.8.0, 2.7.0, 2.6.1, 2.6.0, 2.5.2, 2.5.1, 2.5.0, 2.4.1, 2.4.0, 2.3.0, 2.2.4, 2.2.2, 2.2.1, 2.2.0, 2.1.1, 2.1.0, 2.0.1, 2.0.0, 2.0.0-rc6, 2.0.0-rc5, 2.0.0-rc4, 2.0.0-rc3, 2.0.0-rc2, 2.0.0-rc1, 1.0.3, 1.0.2, 1.0.1, 1.0.0, 1.0.0-rc4, 1.0.0-rc3, 1.0.0-rc2, 1.0.0-rc1, 1.0.0-beta4, 1.0.0-beta3, 1.0.0-beta2, 1.0.0-beta1, 1.0.0-alpha2, 1.0.0-alpha1, 0.13.6, 0.13.5, 0.13.4, 0.13.3, 0.13.2, 0.13.1, 0.13.0, 0.12.4, 0.12.3, 0.12.2, 0.12.1, 0.12.0, 0.11.6, 0.11.5, 0.11.4, 0.11.3, 0.11.2, 0.11.1, 0.11.0, 0.10.2, 0.10.1, 0.10.0, 0.9.5, 0.9.4, 0.9.3, 0.9.2, 0.9.1, 0.9.0, 0.8.0, 0.7.0, 0.6.1, 0.6.0, 0.5.3, 0.5.2, 0.5.1, 0.5.0, 0.4.2, 0.4.1, 0.4.0, 0.0.1, 0.0.0
52 error notarget This is most likely not a problem with npm itself.
52 error notarget In most cases you or one of your dependencies are requesting
52 error notarget a package version that doesn't exist.
53 verbose exit [ 1, true ]
